build/app/intermediates/manifest_merge_blame_file/debug/manifest-merger-blame-debug-report.txt
1<?xml version="1.0" encoding="utf-8"?>
2<manifest xmlns:android="http://schemas.android.com/apk/res/android"
3    package="com.example.phoneproject"
4    android:versionCode="1"
5    android:versionName="1.0.0" >
6
7    <uses-sdk
8        android:minSdkVersion="16"
9        android:targetSdkVersion="30" />
10    <!--
11         Flutter needs it to communicate with the running application
12         to allow setting breakpoints, to provide hot reload, etc.
13    -->
14    <uses-permission android:name="android.permission.INTERNET" />
14-->src\debug\AndroidManifest.xml:6:5-66
14-->src\debug\AndroidManifest.xml:6:22-64
15    <uses-permission android:name="android.permission.ACCESS_NETWORK_STATE" />
15-->[:firebase_analytics] AndroidManifest.xml:7:5-79
15-->[:firebase_analytics] AndroidManifest.xml:7:22-76
16    <uses-permission android:name="android.permission.WAKE_LOCK" />
16-->[:firebase_analytics] AndroidManifest.xml:9:5-68
16-->[:firebase_analytics] AndroidManifest.xml:9:22-65
17    <uses-permission android:name="com.google.android.finsky.permission.BIND_GET_INSTALL_REFERRER_SERVICE" />
17-->[com.google.android.gms:play-services-measurement:18.0.3] AndroidManifest.xml:26:5-110
17-->[com.google.android.gms:play-services-measurement:18.0.3] AndroidManifest.xml:26:22-107
18
19    <application
19-->src\main\AndroidManifest.xml:3:4-40:19
20        android:appComponentFactory="androidx.core.app.CoreComponentFactory"
20-->[androidx.core:core:1.1.0] AndroidManifest.xml:24:18-86
21        android:debuggable="true"
22        android:icon="@mipmap/ic_launcher"
22-->src\main\AndroidManifest.xml:5:9-43
23        android:label="phoneproject" >
23-->src\main\AndroidManifest.xml:4:9-37
24        <activity
24-->src\main\AndroidManifest.xml:6:9-34:20
25            android:name="com.example.phoneproject.MainActivity"
25-->src\main\AndroidManifest.xml:7:13-41
26            android:configChanges="orientation|keyboardHidden|keyboard|screenSize|smallestScreenSize|locale|layoutDirection|fontScale|screenLayout|density|uiMode"
26-->src\main\AndroidManifest.xml:10:13-163
27            android:hardwareAccelerated="true"
27-->src\main\AndroidManifest.xml:11:13-47
28            android:launchMode="singleTop"
28-->src\main\AndroidManifest.xml:8:13-43
29            android:theme="@style/LaunchTheme"
29-->src\main\AndroidManifest.xml:9:13-47
30            android:windowSoftInputMode="adjustResize" >
30-->src\main\AndroidManifest.xml:12:13-55
31
32            <!--
33                 Specifies an Android theme to apply to this Activity as soon as
34                 the Android process has started. This theme is visible to the user
35                 while the Flutter UI initializes. After that, this theme continues
36                 to determine the Window background behind the Flutter UI.
37            -->
38            <meta-data
38-->src\main\AndroidManifest.xml:17:13-20:17
39                android:name="io.flutter.embedding.android.NormalTheme"
39-->src\main\AndroidManifest.xml:18:15-70
40                android:resource="@style/NormalTheme" />
40-->src\main\AndroidManifest.xml:19:15-52
41            <!--
42                 Displays an Android View that continues showing the launch screen
43                 Drawable until Flutter paints its first frame, then this splash
44                 screen fades out. A splash screen is useful to avoid any visual
45                 gap between the end of Android's launch screen and the painting of
46                 Flutter's first frame.
47            -->
48            <meta-data
48-->src\main\AndroidManifest.xml:26:13-29:17
49                android:name="io.flutter.embedding.android.SplashScreenDrawable"
49-->src\main\AndroidManifest.xml:27:15-79
50                android:resource="@drawable/launch_background" />
50-->src\main\AndroidManifest.xml:28:15-61
51
52            <intent-filter>
52-->src\main\AndroidManifest.xml:30:13-33:29
53                <action android:name="android.intent.action.MAIN" />
53-->src\main\AndroidManifest.xml:31:17-68
53-->src\main\AndroidManifest.xml:31:25-66
54
55                <category android:name="android.intent.category.LAUNCHER" />
55-->src\main\AndroidManifest.xml:32:17-76
55-->src\main\AndroidManifest.xml:32:27-74
56            </intent-filter>
57        </activity>
58        <!--
59             Don't delete the meta-data below.
60             This is used by the Flutter tool to generate GeneratedPluginRegistrant.java
61        -->
62        <meta-data
62-->src\main\AndroidManifest.xml:37:9-39:33
63            android:name="flutterEmbedding"
63-->src\main\AndroidManifest.xml:38:13-44
64            android:value="2" />
64-->src\main\AndroidManifest.xml:39:13-30
65
66        <service
66-->[:firebase_analytics] AndroidManifest.xml:12:9-16:19
67            android:name="com.google.firebase.components.ComponentDiscoveryService"
67-->[:firebase_analytics] AndroidManifest.xml:12:18-89
68            android:directBootAware="true"
68-->[com.google.firebase:firebase-common:19.4.0] AndroidManifest.xml:35:13-43
69            android:exported="false" >
69-->[com.google.firebase:firebase-auth:20.0.4] AndroidManifest.xml:76:13-37
70            <meta-data
70-->[:firebase_analytics] AndroidManifest.xml:13:13-15:85
71                android:name="com.google.firebase.components:io.flutter.plugins.firebaseanalytics.FlutterFirebaseAppRegistrar"
71-->[:firebase_analytics] AndroidManifest.xml:14:17-127
72                android:value="com.google.firebase.components.ComponentRegistrar" />
72-->[:firebase_analytics] AndroidManifest.xml:15:17-82
73            <meta-data
73-->[:firebase_auth] AndroidManifest.xml:9:13-11:85
74                android:name="com.google.firebase.components:io.flutter.plugins.firebase.auth.FlutterFirebaseAuthRegistrar"
74-->[:firebase_auth] AndroidManifest.xml:10:17-124
75                android:value="com.google.firebase.components.ComponentRegistrar" />
75-->[:firebase_auth] AndroidManifest.xml:11:17-82
76            <meta-data
76-->[:firebase_core] AndroidManifest.xml:9:13-11:85
77                android:name="com.google.firebase.components:io.flutter.plugins.firebase.core.FlutterFirebaseCoreRegistrar"
77-->[:firebase_core] AndroidManifest.xml:10:17-124
78                android:value="com.google.firebase.components.ComponentRegistrar" />
78-->[:firebase_core] AndroidManifest.xml:11:17-82
79            <meta-data
79-->[com.google.firebase:firebase-auth:20.0.4] AndroidManifest.xml:77:13-79:85
80                android:name="com.google.firebase.components:com.google.firebase.auth.FirebaseAuthRegistrar"
80-->[com.google.firebase:firebase-auth:20.0.4] AndroidManifest.xml:78:17-109
81                android:value="com.google.firebase.components.ComponentRegistrar" />
81-->[com.google.firebase:firebase-auth:20.0.4] AndroidManifest.xml:79:17-82
82            <meta-data
82-->[com.google.android.gms:play-services-measurement-api:18.0.3] AndroidManifest.xml:30:13-32:85
83                android:name="com.google.firebase.components:com.google.firebase.analytics.connector.internal.AnalyticsConnectorRegistrar"
83-->[com.google.android.gms:play-services-measurement-api:18.0.3] AndroidManifest.xml:31:17-139
84                android:value="com.google.firebase.components.ComponentRegistrar" />
84-->[com.google.android.gms:play-services-measurement-api:18.0.3] AndroidManifest.xml:32:17-82
85            <meta-data
85-->[com.google.firebase:firebase-installations:16.3.2] AndroidManifest.xml:17:13-19:85
86                android:name="com.google.firebase.components:com.google.firebase.installations.FirebaseInstallationsRegistrar"
86-->[com.google.firebase:firebase-installations:16.3.2] AndroidManifest.xml:18:17-127
87                android:value="com.google.firebase.components.ComponentRegistrar" />
87-->[com.google.firebase:firebase-installations:16.3.2] AndroidManifest.xml:19:17-82
88        </service>
89
90        <activity
90-->[com.google.firebase:firebase-auth:20.0.4] AndroidManifest.xml:27:9-44:20
91            android:name="com.google.firebase.auth.internal.GenericIdpActivity"
91-->[com.google.firebase:firebase-auth:20.0.4] AndroidManifest.xml:28:13-80
92            android:excludeFromRecents="true"
92-->[com.google.firebase:firebase-auth:20.0.4] AndroidManifest.xml:29:13-46
93            android:exported="true"
93-->[com.google.firebase:firebase-auth:20.0.4] AndroidManifest.xml:30:13-36
94            android:launchMode="singleTask"
94-->[com.google.firebase:firebase-auth:20.0.4] AndroidManifest.xml:31:13-44
95            android:theme="@android:style/Theme.Translucent.NoTitleBar" >
95-->[com.google.firebase:firebase-auth:20.0.4] AndroidManifest.xml:32:13-72
96            <intent-filter>
96-->[com.google.firebase:firebase-auth:20.0.4] AndroidManifest.xml:33:13-43:29
97                <action android:name="android.intent.action.VIEW" />
97-->[com.google.firebase:firebase-auth:20.0.4] AndroidManifest.xml:34:17-69
97-->[com.google.firebase:firebase-auth:20.0.4] AndroidManifest.xml:34:25-66
98
99                <category android:name="android.intent.category.DEFAULT" />
99-->[com.google.firebase:firebase-auth:20.0.4] AndroidManifest.xml:36:17-76
99-->[com.google.firebase:firebase-auth:20.0.4] AndroidManifest.xml:36:27-73
100                <category android:name="android.intent.category.BROWSABLE" />
100-->[com.google.firebase:firebase-auth:20.0.4] AndroidManifest.xml:37:17-78
100-->[com.google.firebase:firebase-auth:20.0.4] AndroidManifest.xml:37:27-75
101
102                <data
102-->[com.google.firebase:firebase-auth:20.0.4] AndroidManifest.xml:39:17-42:51
103                    android:host="firebase.auth"
103-->[com.google.firebase:firebase-auth:20.0.4] AndroidManifest.xml:40:21-49
104                    android:path="/"
104-->[com.google.firebase:firebase-auth:20.0.4] AndroidManifest.xml:41:21-37
105                    android:scheme="genericidp" />
105-->[com.google.firebase:firebase-auth:20.0.4] AndroidManifest.xml:42:21-48
106            </intent-filter>
107        </activity>
108        <activity
108-->[com.google.firebase:firebase-auth:20.0.4] AndroidManifest.xml:45:9-62:20
109            android:name="com.google.firebase.auth.internal.RecaptchaActivity"
109-->[com.google.firebase:firebase-auth:20.0.4] AndroidManifest.xml:46:13-79
110            android:excludeFromRecents="true"
110-->[com.google.firebase:firebase-auth:20.0.4] AndroidManifest.xml:47:13-46
111            android:exported="true"
111-->[com.google.firebase:firebase-auth:20.0.4] AndroidManifest.xml:48:13-36
112            android:launchMode="singleTask"
112-->[com.google.firebase:firebase-auth:20.0.4] AndroidManifest.xml:49:13-44
113            android:theme="@android:style/Theme.Translucent.NoTitleBar" >
113-->[com.google.firebase:firebase-auth:20.0.4] AndroidManifest.xml:50:13-72
114            <intent-filter>
114-->[com.google.firebase:firebase-auth:20.0.4] AndroidManifest.xml:51:13-61:29
115                <action android:name="android.intent.action.VIEW" />
115-->[com.google.firebase:firebase-auth:20.0.4] AndroidManifest.xml:34:17-69
115-->[com.google.firebase:firebase-auth:20.0.4] AndroidManifest.xml:34:25-66
116
117                <category android:name="android.intent.category.DEFAULT" />
117-->[com.google.firebase:firebase-auth:20.0.4] AndroidManifest.xml:36:17-76
117-->[com.google.firebase:firebase-auth:20.0.4] AndroidManifest.xml:36:27-73
118                <category android:name="android.intent.category.BROWSABLE" />
118-->[com.google.firebase:firebase-auth:20.0.4] AndroidManifest.xml:37:17-78
118-->[com.google.firebase:firebase-auth:20.0.4] AndroidManifest.xml:37:27-75
119
120                <data
120-->[com.google.firebase:firebase-auth:20.0.4] AndroidManifest.xml:39:17-42:51
121                    android:host="firebase.auth"
121-->[com.google.firebase:firebase-auth:20.0.4] AndroidManifest.xml:40:21-49
122                    android:path="/"
122-->[com.google.firebase:firebase-auth:20.0.4] AndroidManifest.xml:41:21-37
123                    android:scheme="recaptcha" />
123-->[com.google.firebase:firebase-auth:20.0.4] AndroidManifest.xml:42:21-48
124            </intent-filter>
125        </activity>
126
127        <service
127-->[com.google.firebase:firebase-auth:20.0.4] AndroidManifest.xml:64:9-73:19
128            android:name="com.google.firebase.auth.api.fallback.service.FirebaseAuthFallbackService"
128-->[com.google.firebase:firebase-auth:20.0.4] AndroidManifest.xml:65:13-101
129            android:enabled="true"
129-->[com.google.firebase:firebase-auth:20.0.4] AndroidManifest.xml:66:13-35
130            android:exported="false" >
130-->[com.google.firebase:firebase-auth:20.0.4] AndroidManifest.xml:67:13-37
131            <intent-filter>
131-->[com.google.firebase:firebase-auth:20.0.4] AndroidManifest.xml:68:13-72:29
132                <action android:name="com.google.firebase.auth.api.gms.service.START" />
132-->[com.google.firebase:firebase-auth:20.0.4] AndroidManifest.xml:69:17-89
132-->[com.google.firebase:firebase-auth:20.0.4] AndroidManifest.xml:69:25-86
133
134                <category android:name="android.intent.category.DEFAULT" />
134-->[com.google.firebase:firebase-auth:20.0.4] AndroidManifest.xml:36:17-76
134-->[com.google.firebase:firebase-auth:20.0.4] AndroidManifest.xml:36:27-73
135            </intent-filter>
136        </service>
137
138        <provider
138-->[com.google.firebase:firebase-common:19.4.0] AndroidManifest.xml:26:9-31:39
139            android:name="com.google.firebase.provider.FirebaseInitProvider"
139-->[com.google.firebase:firebase-common:19.4.0] AndroidManifest.xml:27:13-77
140            android:authorities="com.example.phoneproject.firebaseinitprovider"
140-->[com.google.firebase:firebase-common:19.4.0] AndroidManifest.xml:28:13-72
141            android:directBootAware="true"
141-->[com.google.firebase:firebase-common:19.4.0] AndroidManifest.xml:29:13-43
142            android:exported="false"
142-->[com.google.firebase:firebase-common:19.4.0] AndroidManifest.xml:30:13-37
143            android:initOrder="100" />
143-->[com.google.firebase:firebase-common:19.4.0] AndroidManifest.xml:31:13-36
144
145        <receiver
145-->[com.google.android.gms:play-services-measurement:18.0.3] AndroidManifest.xml:29:9-33:20
146            android:name="com.google.android.gms.measurement.AppMeasurementReceiver"
146-->[com.google.android.gms:play-services-measurement:18.0.3] AndroidManifest.xml:30:13-85
147            android:enabled="true"
147-->[com.google.android.gms:play-services-measurement:18.0.3] AndroidManifest.xml:31:13-35
148            android:exported="false" >
148-->[com.google.android.gms:play-services-measurement:18.0.3] AndroidManifest.xml:32:13-37
149        </receiver>
150
151        <service
151-->[com.google.android.gms:play-services-measurement:18.0.3] AndroidManifest.xml:35:9-38:40
152            android:name="com.google.android.gms.measurement.AppMeasurementService"
152-->[com.google.android.gms:play-services-measurement:18.0.3] AndroidManifest.xml:36:13-84
153            android:enabled="true"
153-->[com.google.android.gms:play-services-measurement:18.0.3] AndroidManifest.xml:37:13-35
154            android:exported="false" />
154-->[com.google.android.gms:play-services-measurement:18.0.3] AndroidManifest.xml:38:13-37
155        <service
155-->[com.google.android.gms:play-services-measurement:18.0.3] AndroidManifest.xml:39:9-43:72
156            android:name="com.google.android.gms.measurement.AppMeasurementJobService"
156-->[com.google.android.gms:play-services-measurement:18.0.3] AndroidManifest.xml:40:13-87
157            android:enabled="true"
157-->[com.google.android.gms:play-services-measurement:18.0.3] AndroidManifest.xml:41:13-35
158            android:exported="false"
158-->[com.google.android.gms:play-services-measurement:18.0.3] AndroidManifest.xml:42:13-37
159            android:permission="android.permission.BIND_JOB_SERVICE" />
159-->[com.google.android.gms:play-services-measurement:18.0.3] AndroidManifest.xml:43:13-69
160
161        <activity
161-->[com.google.android.gms:play-services-auth:16.0.1] AndroidManifest.xml:23:9-27:75
162            android:name="com.google.android.gms.auth.api.signin.internal.SignInHubActivity"
162-->[com.google.android.gms:play-services-auth:16.0.1] AndroidManifest.xml:24:13-93
163            android:excludeFromRecents="true"
163-->[com.google.android.gms:play-services-auth:16.0.1] AndroidManifest.xml:25:13-46
164            android:exported="false"
164-->[com.google.android.gms:play-services-auth:16.0.1] AndroidManifest.xml:26:13-37
165            android:theme="@android:style/Theme.Translucent.NoTitleBar" />
165-->[com.google.android.gms:play-services-auth:16.0.1] AndroidManifest.xml:27:13-72
166        <!--
167            Service handling Google Sign-In user revocation. For apps that do not integrate with
168            Google Sign-In, this service will never be started.
169        -->
170        <service
170-->[com.google.android.gms:play-services-auth:16.0.1] AndroidManifest.xml:33:9-36:110
171            android:name="com.google.android.gms.auth.api.signin.RevocationBoundService"
171-->[com.google.android.gms:play-services-auth:16.0.1] AndroidManifest.xml:34:13-89
172            android:exported="true"
172-->[com.google.android.gms:play-services-auth:16.0.1] AndroidManifest.xml:35:13-36
173            android:permission="com.google.android.gms.auth.api.signin.permission.REVOCATION_NOTIFICATION" />
173-->[com.google.android.gms:play-services-auth:16.0.1] AndroidManifest.xml:36:13-107
174
175        <activity
175-->[com.google.android.gms:play-services-base:17.1.0] AndroidManifest.xml:23:9-26:75
176            android:name="com.google.android.gms.common.api.GoogleApiActivity"
176-->[com.google.android.gms:play-services-base:17.1.0] AndroidManifest.xml:24:13-79
177            android:exported="false"
177-->[com.google.android.gms:play-services-base:17.1.0] AndroidManifest.xml:25:13-37
178            android:theme="@android:style/Theme.Translucent.NoTitleBar" />
178-->[com.google.android.gms:play-services-base:17.1.0] AndroidManifest.xml:26:13-72
179
180        <meta-data
180-->[com.google.android.gms:play-services-basement:17.1.0] AndroidManifest.xml:23:9-25:69
181            android:name="com.google.android.gms.version"
181-->[com.google.android.gms:play-services-basement:17.1.0] AndroidManifest.xml:24:13-58
182            android:value="@integer/google_play_services_version" />
182-->[com.google.android.gms:play-services-basement:17.1.0] AndroidManifest.xml:25:13-66
183    </application>
184
185</manifest>